Running: /opt/Xilinx/14.7/ISE_DS/ISE/bin/lin64/unwrapped/fuse -intstyle ise -incremental -lib secureip -o /home/ise/vdhl-modules/CIRCUITOSVhdlCircuito4_HSF/CIRCUITOSVhdlCircuito4_HSF_Test_Bench_isim_beh.exe -prj /home/ise/vdhl-modules/CIRCUITOSVhdlCircuito4_HSF/CIRCUITOSVhdlCircuito4_HSF_Test_Bench_beh.prj work.CIRCUITOSVhdlCircuito4_HSF_Test_Bench 
ISim P.20131013 (signature 0xfbc00daa)
Number of CPUs detected in this system: 1
Turning on mult-threading, number of parallel sub-compilation jobs: 0 
Determining compilation order of HDL files
Parsing VHDL file "/home/ise/vdhl-modules/CIRCUITOSVhdlCircuito4_HSF/CIRCUITOSVhdlCircuito4_HSF.vhd" into library work
Parsing VHDL file "/home/ise/vdhl-modules/CIRCUITOSVhdlCircuito4_HSF/CIRCUITOSVhdlCircuito4_HSF_Test_Bench.vhd" into library work
Starting static elaboration
Completed static elaboration
Fuse Memory Usage: 95316 KB
Fuse CPU Usage: 390 ms
Compiling package standard
Compiling package std_logic_1164
Compiling architecture behavioral of entity CIRCUITOSVhdlCircuito4_HSF [circuitosvhdlcircuito4_hsf_defau...]
Compiling architecture sim of entity circuitosvhdlcircuito4_hsf_test_...
Time Resolution for simulation is 1ps.
Compiled 5 VHDL Units
Built simulation executable /home/ise/vdhl-modules/CIRCUITOSVhdlCircuito4_HSF/CIRCUITOSVhdlCircuito4_HSF_Test_Bench_isim_beh.exe
Fuse Memory Usage: 103968 KB
Fuse CPU Usage: 440 ms
GCC CPU Usage: 390 ms
