Running: /opt/Xilinx/14.7/ISE_DS/ISE/bin/lin64/unwrapped/fuse -intstyle ise -incremental -lib secureip -o /home/ise/Program/vhdl-control-unity/ControlUnity_HSF/ControlUnity_HSF_tb_isim_beh.exe -prj /home/ise/Program/vhdl-control-unity/ControlUnity_HSF/ControlUnity_HSF_tb_beh.prj work.ControlUnity_HSF_tb 
ISim P.20131013 (signature 0xfbc00daa)
Number of CPUs detected in this system: 1
Turning on mult-threading, number of parallel sub-compilation jobs: 0 
Determining compilation order of HDL files
Parsing VHDL file "/home/ise/Program/vhdl-control-unity/ControlUnity_HSF/ControlUnity_HSF.vhd" into library work
Parsing VHDL file "/home/ise/Program/vhdl-control-unity/ControlUnity_HSF/ControlUnity_HSF_Test_Bentch.vhd" into library work
Starting static elaboration
Completed static elaboration
Fuse Memory Usage: 95304 KB
Fuse CPU Usage: 420 ms
Compiling package standard
Compiling package std_logic_1164
Compiling architecture behavioral of entity ControlUnity_HSF [controlunity_hsf_default]
Compiling architecture sim of entity controlunity_hsf_tb
Time Resolution for simulation is 1ps.
Compiled 5 VHDL Units
Built simulation executable /home/ise/Program/vhdl-control-unity/ControlUnity_HSF/ControlUnity_HSF_tb_isim_beh.exe
Fuse Memory Usage: 104028 KB
Fuse CPU Usage: 490 ms
GCC CPU Usage: 230 ms
