Command line:
   ControlUnity_HSF_tb_isim_beh.exe
     -simmode  gui
     -simrunnum  0
     -socket  58227

Tue Oct 21 04:30:26 2025


 Elaboration Time: 0.03 sec

 Current Memory Usage: 215.286 Meg

 Total Signals          : 32
 Total Nets             : 25
 Total Signal Drivers   : 25
 Total Blocks           : 3
 Total Primitive Blocks : 2
 Total Processes        : 19
 Total Traceable Variables  : 8
 Total Scalar Nets and Variables : 385
Total Line Count : 50

 Total Simulation Time: 8.91 sec

 Current Memory Usage: 292.884 Meg

Tue Oct 21 04:30:47 2025

