Running: /opt/Xilinx/14.7/ISE_DS/ISE/bin/lin64/unwrapped/fuse -intstyle ise -incremental -lib secureip -o /home/ise/Program/vdhl-modules/LogicalUnity_HSF/LogicalUnity_HSF_tb_isim_beh.exe -prj /home/ise/Program/vdhl-modules/LogicalUnity_HSF/LogicalUnity_HSF_tb_beh.prj LogicalUnity_HSF_tb 
ISim P.20131013 (signature 0xfbc00daa)
Number of CPUs detected in this system: 1
Turning on mult-threading, number of parallel sub-compilation jobs: 0 
Determining compilation order of HDL files
Parsing VHDL file "/home/ise/Program/vdhl-modules/LogicalUnity_HSF/LogicalUnity_HSF.vhd" into library work
Parsing VHDL file "/home/ise/Program/vdhl-modules/LogicalUnity_HSF/LogicalUnity_HSF_Test_Bentch.vhd" into library work
Starting static elaboration
Completed static elaboration
Fuse Memory Usage: 95300 KB
Fuse CPU Usage: 390 ms
Compiling package standard
Compiling package std_logic_1164
Compiling architecture behavioral of entity LogicalUnity_HSF [logicalunity_hsf_default]
Compiling architecture sim of entity logicalunity_hsf_tb
Time Resolution for simulation is 1ps.
Compiled 5 VHDL Units
Built simulation executable /home/ise/Program/vdhl-modules/LogicalUnity_HSF/LogicalUnity_HSF_tb_isim_beh.exe
Fuse Memory Usage: 103960 KB
Fuse CPU Usage: 440 ms
GCC CPU Usage: 210 ms
