Command line:
   LogicalUnity_HSF_tb_isim_beh.exe
     -simmode  gui
     -simrunnum  0
     -socket  40547

Tue Oct 21 05:16:25 2025


 Elaboration Time: 0.04 sec

 Current Memory Usage: 215.273 Meg

 Total Signals          : 15
 Total Nets             : 11
 Total Signal Drivers   : 10
 Total Blocks           : 3
 Total Primitive Blocks : 2
 Total Processes        : 7
 Total Traceable Variables  : 8
 Total Scalar Nets and Variables : 371
Total Line Count : 27

 Total Simulation Time: 8.34 sec

 Current Memory Usage: 292.872 Meg

Tue Oct 21 05:16:48 2025

