Command line:
   CIRCUITOSVhdlCircuito1_HSF_isim_beh.exe
     -simmode  gui
     -simrunnum  0
     -socket  34438

Mon Oct 20 23:22:37 2025


 Elaboration Time: 0.06 sec

 Current Memory Usage: 215.265 Meg

 Total Signals          : 13
 Total Nets             : 13
 Total Signal Drivers   : 9
 Total Blocks           : 2
 Total Primitive Blocks : 2
 Total Processes        : 9
 Total Traceable Variables  : 8
 Total Scalar Nets and Variables : 373
Total Line Count : 9

 Total Simulation Time: 0.08 sec

 Current Memory Usage: 292.864 Meg

Mon Oct 20 23:25:47 2025

