Command line:
   tb_Counter_HSF_isim_beh.exe
     -simmode  gui
     -simrunnum  0
     -socket  49901

Fri Oct 31 23:04:59 2025


 Elaboration Time: 0.29 sec

 Current Memory Usage: 215.376 Meg

 Total Signals          : 11
 Total Nets             : 15
 Total Signal Drivers   : 6
 Total Blocks           : 4
 Total Primitive Blocks : 3
 Total Processes        : 4
 Total Traceable Variables  : 14
 Total Scalar Nets and Variables : 499
Total Line Count : 27

 Total Simulation Time: 233.63 sec

 Current Memory Usage: 292.975 Meg

Fri Oct 31 23:10:39 2025

